<?xml version="1.0" encoding="UTF-8"?>
<testng-results ignored="0" total="1" passed="1" failed="0" skipped="0">
  <reporter-output>
  </reporter-output>
  <suite started-at="2025-09-14T04:45:12 EEST" name="AutomationExerciseTestSuite" finished-at="2025-09-14T04:45:22 EEST" duration-ms="10142">
    <groups>
    </groups>
    <test started-at="2025-09-14T04:45:12 EEST" name="automationTests" finished-at="2025-09-14T04:45:22 EEST" duration-ms="10142">
      <class name="tests.TC17_RemoveProductsFromCart">
        <test-method is-config="true" signature="setUpClass()[pri:0, instance:tests.TC17_RemoveProductsFromCart@7ef82753]" started-at="2025-09-14T04:45:12 EEST" name="setUpClass" finished-at="2025-09-14T04:45:14 EEST" duration-ms="1951" status="PASS">
          <reporter-output>
          </reporter-output>
        </test-method> <!-- setUpClass -->
        <test-method is-config="true" signature="setUpMethod()[pri:0, instance:tests.TC17_RemoveProductsFromCart@7ef82753]" started-at="2025-09-14T04:45:14 EEST" name="setUpMethod" finished-at="2025-09-14T04:45:14 EEST" duration-ms="0" status="PASS">
          <reporter-output>
          </reporter-output>
        </test-method> <!-- setUpMethod -->
        <test-method signature="TC17_RemoveProductsFromCart()[pri:0, instance:tests.TC17_RemoveProductsFromCart@7ef82753]" started-at="2025-09-14T04:45:14 EEST" name="TC17_RemoveProductsFromCart" finished-at="2025-09-14T04:45:22 EEST" duration-ms="8036" status="PASS">
          <reporter-output>
          </reporter-output>
        </test-method> <!-- TC17_RemoveProductsFromCart -->
        <test-method is-config="true" signature="tearDownMethod()[pri:0, instance:tests.TC17_RemoveProductsFromCart@7ef82753]" started-at="2025-09-14T04:45:22 EEST" name="tearDownMethod" finished-at="2025-09-14T04:45:22 EEST" duration-ms="0" status="PASS">
          <reporter-output>
          </reporter-output>
        </test-method> <!-- tearDownMethod -->
        <test-method is-config="true" signature="tearDownClass()[pri:0, instance:tests.TC17_RemoveProductsFromCart@7ef82753]" started-at="2025-09-14T04:45:22 EEST" name="tearDownClass" finished-at="2025-09-14T04:45:22 EEST" duration-ms="0" status="PASS">
          <reporter-output>
          </reporter-output>
        </test-method> <!-- tearDownClass -->
      </class> <!-- tests.TC17_RemoveProductsFromCart -->
    </test> <!-- automationTests -->
  </suite> <!-- AutomationExerciseTestSuite -->
</testng-results>
