<?xml version="1.0" encoding="UTF-8"?>
<!-- Generated by org.testng.reporters.JUnitXMLReporter -->
<testsuite ignored="0" hostname="DESKTOP-1NATKDF" failures="0" tests="2" name="automationTests" time="12.822" errors="0" timestamp="2025-09-18T05:23:16 EEST">
  <testcase classname="tests.TC25_VerifyScrollUpUsingArrowButtonAndScrollDownFunctionality" name="TC25_VerifyScrollUpUsingArrowButtonAndScrollDownFunctionality" time="6.588"/>
  <testcase classname="tests.TC26_VerifyScrollUpWIthoutArrowButtonAndScrollDownFunctionality" name="TC26_VerifyScrollUpWIthoutArrowButtonAndScrollDownFunctionality" time="3.361"/>
</testsuite> <!-- automationTests -->
