<?xml version="1.0" encoding="UTF-8"?>
<!-- Generated by org.testng.reporters.JUnitXMLReporter -->
<testsuite ignored="0" hostname="DESKTOP-1NATKDF" failures="0" tests="9" name="automationTests" time="660.129" errors="0" timestamp="2025-09-13T02:27:14 EEST">
  <testcase classname="tests.TC01_RegisterUser" name="TC01_Register_User" time="150.424"/>
  <testcase classname="tests.TC02_ValidLogin" name="TC02_ValidLogin" time="59.02"/>
  <testcase classname="tests.TC03_InvalidLogin" name="TC02_ValidLogin" time="23.813"/>
  <testcase classname="tests.TC04_LogoutUser" name="TC02_ValidLogin" time="71.149"/>
  <testcase classname="tests.TC05_RegisterUserWithExistingEmail" name="TC05_RegisterUserWithExistingEmail" time="21.934"/>
  <testcase classname="tests.TC06_ContactUsForm" name="TC06_ContactUsForm" time="48.716"/>
  <testcase classname="tests.TC07_TestcasesPageNavigation" name="TC07_TestcasesPageNavigation" time="41.551"/>
  <testcase classname="tests.TC08_VerifiyAllProductsAndProductPage" name="TC08_VerifiyAllProductsAndProductPage" time="133.143"/>
  <testcase classname="tests.TC09_SearchProduct" name="TC09_SearchProduct" time="84.347"/>
</testsuite> <!-- automationTests -->
