<?xml version="1.0" encoding="UTF-8"?>
<!-- Generated by org.testng.reporters.JUnitXMLReporter -->
<testsuite ignored="0" hostname="DESKTOP-1NATKDF" failures="0" tests="2" name="automationTests" time="29.984" errors="0" timestamp="2025-09-17T21:45:54 EEST">
  <testcase classname="tests.TC25_VerifyScrollUpUsingArrowButtonAndScrollDownFunctionality" name="TC25_VerifyScrollUpUsingArrowButtonAndScrollDownFunctionality" time="14.423"/>
  <testcase classname="tests.TC26_VerifyScrollUpWIthoutArrowButtonAndScrollDownFunctionality" name="TC26_VerifyScrollUpWIthoutArrowButtonAndScrollDownFunctionality" time="11.886"/>
</testsuite> <!-- automationTests -->
